

*********************************************************

rho	/gpfs_common/share01/jpknelle/yzhu14/nucap/
Ye	/gpfs_common/share01/jpknelle/yzhu14/nucap/
output	/gpfs_common/share01/jpknelle/yzhu14/albino/output/
rmin	5e+06	rmax	1.8e+07

NE	16	Emin	2	Emax	37.48

m1	0	dm21^2	-0.00243
theta12V	9
alpha1V	0	alpha2V	0
beta1V	0
accuracy	1.01e-08

Loading a file Thrown in the function Open by the object /gpfs_common/share01/jpknelle/yzhu14/nucap/17090/56/rho_potential56log1.txt
Loading a file Thrown in the function Open by the object /gpfs_common/share01/jpknelle/yzhu14/nucap/17090/56/Ye_potential56log1.txt
Loading a file Thrown in the function Open by the object /gpfs_common/share01/jpknelle/yzhu14/nucap/17090/56/potential1_1_56log1.txt
Loading a file Thrown in the function Open by the object /gpfs_common/share01/jpknelle/yzhu14/nucap/17090/56/potential2_1_56log1.txt
Loading a file Thrown in the function Open by the object /gpfs_common/share01/jpknelle/yzhu14/nucap/17090/56/potential3_1_56log1.txt
Loading a file Thrown in the function Open by the object /gpfs_common/share01/jpknelle/yzhu14/nucap/17090/56/density1_1_56log1.txt
Loading a file Thrown in the function Open by the object /gpfs_common/share01/jpknelle/yzhu14/nucap/17090/56/density2_1_56log1.txt
Loading a file Thrown in the function Open by the object /gpfs_common/share01/jpknelle/yzhu14/nucap/17090/56/density3_1_56log1.txt
Loading a file Thrown in the function Open by the object /gpfs_common/share01/jpknelle/yzhu14/nucap/17090/56/potential1_2_56log1.txt
Loading a file Thrown in the function Open by the object /gpfs_common/share01/jpknelle/yzhu14/nucap/17090/56/potential2_2_56log1.txt
Loading a file Thrown in the function Open by the object /gpfs_common/share01/jpknelle/yzhu14/nucap/17090/56/potential3_2_56log1.txt
Loading a file Thrown in the function Open by the object /gpfs_common/share01/jpknelle/yzhu14/nucap/17090/56/density1_2_56log1.txt
Loading a file Thrown in the function Open by the object /gpfs_common/share01/jpknelle/yzhu14/nucap/17090/56/density2_2_56log1.txt
Loading a file Thrown in the function Open by the object /gpfs_common/share01/jpknelle/yzhu14/nucap/17090/56/density3_2_56log1.txt
Loading a file Thrown in the function Open by the object /gpfs_common/share01/jpknelle/yzhu14/nucap/17090/56/potential1_3_56log1.txt
Loading a file Thrown in the function Open by the object /gpfs_common/share01/jpknelle/yzhu14/nucap/17090/56/potential2_3_56log1.txt
Loading a file Thrown in the function Open by the object /gpfs_common/share01/jpknelle/yzhu14/nucap/17090/56/potential3_3_56log1.txt
Loading a file Thrown in the function Open by the object /gpfs_common/share01/jpknelle/yzhu14/nucap/17090/56/density1_3_56log1.txt
Loading a file Thrown in the function Open by the object /gpfs_common/share01/jpknelle/yzhu14/nucap/17090/56/density2_3_56log1.txt
Loading a file Thrown in the function Open by the object /gpfs_common/share01/jpknelle/yzhu14/nucap/17090/56/density3_3_56log1.txt
Loading a file Thrown in the function Open by the object /gpfs_common/share01/jpknelle/yzhu14/nucap/17090/56/potential1_4_56log1.txt
Loading a file Thrown in the function Open by the object /gpfs_common/share01/jpknelle/yzhu14/nucap/17090/56/potential2_4_56log1.txt
Loading a file Thrown in the function Open by the object /gpfs_common/share01/jpknelle/yzhu14/nucap/17090/56/potential3_4_56log1.txt
Loading a file Thrown in the function Open by the object /gpfs_common/share01/jpknelle/yzhu14/nucap/17090/56/density1_4_56log1.txt
Loading a file Thrown in the function Open by the object /gpfs_common/share01/jpknelle/yzhu14/nucap/17090/56/density2_4_56log1.txt
Loading a file Thrown in the function Open by the object /gpfs_common/share01/jpknelle/yzhu14/nucap/17090/56/density3_4_56log1.txt
Loading a file Thrown in the function Open by the object /gpfs_common/share01/jpknelle/yzhu14/nucap/17090/56/potential1_5_56log1.txt
Loading a file Thrown in the function Open by the object /gpfs_common/share01/jpknelle/yzhu14/nucap/17090/56/potential2_5_56log1.txt
Loading a file Thrown in the function Open by the object /gpfs_common/share01/jpknelle/yzhu14/nucap/17090/56/potential3_5_56log1.txt
Loading a file Thrown in the function Open by the object /gpfs_common/share01/jpknelle/yzhu14/nucap/17090/56/density1_5_56log1.txt
Loading a file Thrown in the function Open by the object /gpfs_common/share01/jpknelle/yzhu14/nucap/17090/56/density2_5_56log1.txt
Loading a file Thrown in the function Open by the object /gpfs_common/share01/jpknelle/yzhu14/nucap/17090/56/density3_5_56log1.txt
Loading a file Thrown in the function Open by the object /gpfs_common/share01/jpknelle/yzhu14/nucap/17090/56/potential1_6_56log1.txt
Loading a file Thrown in the function Open by the object /gpfs_common/share01/jpknelle/yzhu14/nucap/17090/56/potential2_6_56log1.txt
Loading a file Thrown in the function Open by the object /gpfs_common/share01/jpknelle/yzhu14/nucap/17090/56/potential3_6_56log1.txt
Loading a file Thrown in the function Open by the object /gpfs_common/share01/jpknelle/yzhu14/nucap/17090/56/density1_6_56log1.txt
Loading a file Thrown in the function Open by the object /gpfs_common/share01/jpknelle/yzhu14/nucap/17090/56/density2_6_56log1.txt
Loading a file Thrown in the function Open by the object /gpfs_common/share01/jpknelle/yzhu14/nucap/17090/56/density3_6_56log1.txt
Loading a file Thrown in the function Open by the object /gpfs_common/share01/jpknelle/yzhu14/nucap/17090/56/potential1_7_56log1.txt
Loading a file Thrown in the function Open by the object /gpfs_common/share01/jpknelle/yzhu14/nucap/17090/56/potential2_7_56log1.txt
Loading a file Thrown in the function Open by the object /gpfs_common/share01/jpknelle/yzhu14/nucap/17090/56/potential3_7_56log1.txt
Loading a file Thrown in the function Open by the object /gpfs_common/share01/jpknelle/yzhu14/nucap/17090/56/density1_7_56log1.txt
Loading a file Thrown in the function Open by the object /gpfs_common/share01/jpknelle/yzhu14/nucap/17090/56/density2_7_56log1.txt
Loading a file Thrown in the function Open by the object /gpfs_common/share01/jpknelle/yzhu14/nucap/17090/56/density3_7_56log1.txt
Loading a file Thrown in the function Open by the object /gpfs_common/share01/jpknelle/yzhu14/nucap/17090/56/potential1_8_56log1.txt
Loading a file Thrown in the function Open by the object /gpfs_common/share01/jpknelle/yzhu14/nucap/17090/56/potential2_8_56log1.txt
Loading a file Thrown in the function Open by the object /gpfs_common/share01/jpknelle/yzhu14/nucap/17090/56/potential3_8_56log1.txt
Loading a file Thrown in the function Open by the object /gpfs_common/share01/jpknelle/yzhu14/nucap/17090/56/density1_8_56log1.txt
Loading a file Thrown in the function Open by the object /gpfs_common/share01/jpknelle/yzhu14/nucap/17090/56/density2_8_56log1.txt
Loading a file Thrown in the function Open by the object /gpfs_common/share01/jpknelle/yzhu14/nucap/17090/56/density3_8_56log1.txt
Loading a file Thrown in the function Open by the object /gpfs_common/share01/jpknelle/yzhu14/nucap/17090/56/potential1_9_56log1.txt
Loading a file Thrown in the function Open by the object /gpfs_common/share01/jpknelle/yzhu14/nucap/17090/56/potential2_9_56log1.txt
Loading a file Thrown in the function Open by the object /gpfs_common/share01/jpknelle/yzhu14/nucap/17090/56/potential3_9_56log1.txt
Loading a file Thrown in the function Open by the object /gpfs_common/share01/jpknelle/yzhu14/nucap/17090/56/density1_9_56log1.txt
Loading a file Thrown in the function Open by the object /gpfs_common/share01/jpknelle/yzhu14/nucap/17090/56/density2_9_56log1.txt
Loading a file Thrown in the function Open by the object /gpfs_common/share01/jpknelle/yzhu14/nucap/17090/56/density3_9_56log1.txt
Loading a file Thrown in the function Open by the object /gpfs_common/share01/jpknelle/yzhu14/nucap/17090/56/potential1_10_56log1.txt
Loading a file Thrown in the function Open by the object /gpfs_common/share01/jpknelle/yzhu14/nucap/17090/56/potential2_10_56log1.txt
Loading a file Thrown in the function Open by the object /gpfs_common/share01/jpknelle/yzhu14/nucap/17090/56/potential3_10_56log1.txt
Loading a file Thrown in the function Open by the object /gpfs_common/share01/jpknelle/yzhu14/nucap/17090/56/density1_10_56log1.txt
Loading a file Thrown in the function Open by the object /gpfs_common/share01/jpknelle/yzhu14/nucap/17090/56/density2_10_56log1.txt
Loading a file Thrown in the function Open by the object /gpfs_common/share01/jpknelle/yzhu14/nucap/17090/56/density3_10_56log1.txt
Loading a file Thrown in the function Open by the object /gpfs_common/share01/jpknelle/yzhu14/nucap/17090/56/potential1_11_56log1.txt
Loading a file Thrown in the function Open by the object /gpfs_common/share01/jpknelle/yzhu14/nucap/17090/56/potential2_11_56log1.txt
Loading a file Thrown in the function Open by the object /gpfs_common/share01/jpknelle/yzhu14/nucap/17090/56/potential3_11_56log1.txt
Loading a file Thrown in the function Open by the object /gpfs_common/share01/jpknelle/yzhu14/nucap/17090/56/density1_11_56log1.txt
Loading a file Thrown in the function Open by the object /gpfs_common/share01/jpknelle/yzhu14/nucap/17090/56/density2_11_56log1.txt
Loading a file Thrown in the function Open by the object /gpfs_common/share01/jpknelle/yzhu14/nucap/17090/56/density3_11_56log1.txt
Loading a file Thrown in the function Open by the object /gpfs_common/share01/jpknelle/yzhu14/nucap/17090/56/potential1_12_56log1.txt
Loading a file Thrown in the function Open by the object /gpfs_common/share01/jpknelle/yzhu14/nucap/17090/56/potential2_12_56log1.txt
Loading a file Thrown in the function Open by the object /gpfs_common/share01/jpknelle/yzhu14/nucap/17090/56/potential3_12_56log1.txt
Loading a file Thrown in the function Open by the object /gpfs_common/share01/jpknelle/yzhu14/nucap/17090/56/density1_12_56log1.txt
Loading a file Thrown in the function Open by the object /gpfs_common/share01/jpknelle/yzhu14/nucap/17090/56/density2_12_56log1.txt
Loading a file Thrown in the function Open by the object /gpfs_common/share01/jpknelle/yzhu14/nucap/17090/56/density3_12_56log1.txt
Loading a file Thrown in the function Open by the object /gpfs_common/share01/jpknelle/yzhu14/nucap/17090/56/potential1_13_56log1.txt
Loading a file Thrown in the function Open by the object /gpfs_common/share01/jpknelle/yzhu14/nucap/17090/56/potential2_13_56log1.txt
Loading a file Thrown in the function Open by the object /gpfs_common/share01/jpknelle/yzhu14/nucap/17090/56/potential3_13_56log1.txt
Loading a file Thrown in the function Open by the object /gpfs_common/share01/jpknelle/yzhu14/nucap/17090/56/density1_13_56log1.txt
Loading a file Thrown in the function Open by the object /gpfs_common/share01/jpknelle/yzhu14/nucap/17090/56/density2_13_56log1.txt
Loading a file Thrown in the function Open by the object /gpfs_common/share01/jpknelle/yzhu14/nucap/17090/56/density3_13_56log1.txt
Loading a file Thrown in the function Open by the object /gpfs_common/share01/jpknelle/yzhu14/nucap/17090/56/potential1_14_56log1.txt
Loading a file Thrown in the function Open by the object /gpfs_common/share01/jpknelle/yzhu14/nucap/17090/56/potential2_14_56log1.txt
Loading a file Thrown in the function Open by the object /gpfs_common/share01/jpknelle/yzhu14/nucap/17090/56/potential3_14_56log1.txt
Loading a file Thrown in the function Open by the object /gpfs_common/share01/jpknelle/yzhu14/nucap/17090/56/density1_14_56log1.txt
Loading a file Thrown in the function Open by the object /gpfs_common/share01/jpknelle/yzhu14/nucap/17090/56/density2_14_56log1.txt
Loading a file Thrown in the function Open by the object /gpfs_common/share01/jpknelle/yzhu14/nucap/17090/56/density3_14_56log1.txt
Loading a file Thrown in the function Open by the object /gpfs_common/share01/jpknelle/yzhu14/nucap/17090/56/potential1_15_56log1.txt
Loading a file Thrown in the function Open by the object /gpfs_common/share01/jpknelle/yzhu14/nucap/17090/56/potential2_15_56log1.txt
Loading a file Thrown in the function Open by the object /gpfs_common/share01/jpknelle/yzhu14/nucap/17090/56/potential3_15_56log1.txt
Loading a file Thrown in the function Open by the object /gpfs_common/share01/jpknelle/yzhu14/nucap/17090/56/density1_15_56log1.txt
Loading a file Thrown in the function Open by the object /gpfs_common/share01/jpknelle/yzhu14/nucap/17090/56/density2_15_56log1.txt
Loading a file Thrown in the function Open by the object /gpfs_common/share01/jpknelle/yzhu14/nucap/17090/56/density3_15_56log1.txt
Loading a file Thrown in the function Open by the object /gpfs_common/share01/jpknelle/yzhu14/nucap/17090/56/potential1_16_56log1.txt
Loading a file Thrown in the function Open by the object /gpfs_common/share01/jpknelle/yzhu14/nucap/17090/56/potential2_16_56log1.txt
Loading a file Thrown in the function Open by the object /gpfs_common/share01/jpknelle/yzhu14/nucap/17090/56/potential3_16_56log1.txt
Loading a file Thrown in the function Open by the object /gpfs_common/share01/jpknelle/yzhu14/nucap/17090/56/density1_16_56log1.txt
Loading a file Thrown in the function Open by the object /gpfs_common/share01/jpknelle/yzhu14/nucap/17090/56/density2_16_56log1.txt
Loading a file Thrown in the function Open by the object /gpfs_common/share01/jpknelle/yzhu14/nucap/17090/56/density3_16_56log1.txtNE162
2.43154
2.95619
3.59405
4.36953
5.31235
6.45859
7.85216
9.54642
11.6062
14.1105
17.1551
20.8567
25.3569
30.8282
37.48


Inverted hierarchy
0	5e+06	7.8361e+06
Finished

------------------------------------------------------------
Sender: LSF System <lsfadmin@n3m1-11>
Subject: Job 335075: <#!/bin/csh;#BSUB -R rusage[mem=2048] ;#BSUB -o ./outerr/%J.out ;#BSUB -e ./outerr/%J.err;#BSUB -W 10 ;#BSUB -q nucastro;#BSUB -n 8;#BSUB -R span[hosts=1]; ./sqa2.psma.x sqa2.psma.run> Done

Job <#!/bin/csh;#BSUB -R rusage[mem=2048] ;#BSUB -o ./outerr/%J.out ;#BSUB -e ./outerr/%J.err;#BSUB -W 10 ;#BSUB -q nucastro;#BSUB -n 8;#BSUB -R span[hosts=1]; ./sqa2.psma.x sqa2.psma.run> was submitted from host <login02.hpc.ncsu.edu> by user <yzhu14> in cluster <henry2>.
Job was executed on host(s) <8*n3m1-11>, in queue <nucastro>, as user <yzhu14> in cluster <henry2>.
</home/yzhu14> was used as the home directory.
</home/yzhu14/nucleosyn/sqa/sqa> was used as the working directory.
Started at Mon Nov 27 17:57:25 2017
Results reported at Mon Nov 27 17:57:56 2017

Your job looked like:

------------------------------------------------------------
# LSBATCH: User input
#!/bin/csh
#BSUB -R rusage[mem=2048] 
#BSUB -o ./outerr/%J.out 
#BSUB -e ./outerr/%J.err
#BSUB -W 10 
#BSUB -q nucastro
#BSUB -n 8
#BSUB -R span[hosts=1]

./sqa2.psma.x sqa2.psma.run

------------------------------------------------------------

Successfully completed.

Resource usage summary:

    CPU time   :    191.55 sec.
    Max Memory :        11 MB
    Max Swap   :       748 MB

    Max Processes  :         4
    Max Threads    :        12

The output (if any) is above this job summary.



PS:

Read file <./outerr/335075.err> for stderr output of this job.

