

*********************************************************

rho	/gpfs_common/share01/jpknelle/yzhu14/albino/albinoDens16/
Ye	/gpfs_common/share01/jpknelle/yzhu14/albino/albinoDens16/
output	/gpfs_common/share01/jpknelle/yzhu14/albino/output/
rmin	5e+06	rmax	1.8e+07

NE	16	Emin	2	Emax	37.48

m1	0	dm21^2	-0.00243
theta12V	9
alpha1V	0	alpha2V	0
beta1V	0
accuracy	1.01e-08

Loading a file Thrown in the function Open by the object /gpfs_common/share01/jpknelle/yzhu14/albino/albinoDens16/rho_v_potential3log1.txt
Loading a file Thrown in the function Open by the object /gpfs_common/share01/jpknelle/yzhu14/albino/albinoDens16/Ye_v_potential3log1.txt
Loading a file Thrown in the function Open by the object /gpfs_common/share01/jpknelle/yzhu14/albino/albinoDens16//v_potential1_1_3log1.txt
Loading a file Thrown in the function Open by the object /gpfs_common/share01/jpknelle/yzhu14/albino/albinoDens16//v_potential2_1_3log1.txt
Loading a file Thrown in the function Open by the object /gpfs_common/share01/jpknelle/yzhu14/albino/albinoDens16//v_potential3_1_3log1.txt
Loading a file Thrown in the function Open by the object /gpfs_common/share01/jpknelle/yzhu14/albino/albinoDens16//v_density1_1_3log1.txt
Loading a file Thrown in the function Open by the object /gpfs_common/share01/jpknelle/yzhu14/albino/albinoDens16//v_density2_1_3log1.txt
Loading a file Thrown in the function Open by the object /gpfs_common/share01/jpknelle/yzhu14/albino/albinoDens16//v_density3_1_3log1.txt
Loading a file Thrown in the function Open by the object /gpfs_common/share01/jpknelle/yzhu14/albino/albinoDens16//v_potential1_2_3log1.txt
Loading a file Thrown in the function Open by the object /gpfs_common/share01/jpknelle/yzhu14/albino/albinoDens16//v_potential2_2_3log1.txt
Loading a file Thrown in the function Open by the object /gpfs_common/share01/jpknelle/yzhu14/albino/albinoDens16//v_potential3_2_3log1.txt
Loading a file Thrown in the function Open by the object /gpfs_common/share01/jpknelle/yzhu14/albino/albinoDens16//v_density1_2_3log1.txt
Loading a file Thrown in the function Open by the object /gpfs_common/share01/jpknelle/yzhu14/albino/albinoDens16//v_density2_2_3log1.txt
Loading a file Thrown in the function Open by the object /gpfs_common/share01/jpknelle/yzhu14/albino/albinoDens16//v_density3_2_3log1.txt
Loading a file Thrown in the function Open by the object /gpfs_common/share01/jpknelle/yzhu14/albino/albinoDens16//v_potential1_3_3log1.txt
Loading a file Thrown in the function Open by the object /gpfs_common/share01/jpknelle/yzhu14/albino/albinoDens16//v_potential2_3_3log1.txt
Loading a file Thrown in the function Open by the object /gpfs_common/share01/jpknelle/yzhu14/albino/albinoDens16//v_potential3_3_3log1.txt
Loading a file Thrown in the function Open by the object /gpfs_common/share01/jpknelle/yzhu14/albino/albinoDens16//v_density1_3_3log1.txt
Loading a file Thrown in the function Open by the object /gpfs_common/share01/jpknelle/yzhu14/albino/albinoDens16//v_density2_3_3log1.txt
Loading a file Thrown in the function Open by the object /gpfs_common/share01/jpknelle/yzhu14/albino/albinoDens16//v_density3_3_3log1.txt
Loading a file Thrown in the function Open by the object /gpfs_common/share01/jpknelle/yzhu14/albino/albinoDens16//v_potential1_4_3log1.txt
Loading a file Thrown in the function Open by the object /gpfs_common/share01/jpknelle/yzhu14/albino/albinoDens16//v_potential2_4_3log1.txt
Loading a file Thrown in the function Open by the object /gpfs_common/share01/jpknelle/yzhu14/albino/albinoDens16//v_potential3_4_3log1.txt
Loading a file Thrown in the function Open by the object /gpfs_common/share01/jpknelle/yzhu14/albino/albinoDens16//v_density1_4_3log1.txt
Loading a file Thrown in the function Open by the object /gpfs_common/share01/jpknelle/yzhu14/albino/albinoDens16//v_density2_4_3log1.txt
Loading a file Thrown in the function Open by the object /gpfs_common/share01/jpknelle/yzhu14/albino/albinoDens16//v_density3_4_3log1.txt
Loading a file Thrown in the function Open by the object /gpfs_common/share01/jpknelle/yzhu14/albino/albinoDens16//v_potential1_5_3log1.txt
Loading a file Thrown in the function Open by the object /gpfs_common/share01/jpknelle/yzhu14/albino/albinoDens16//v_potential2_5_3log1.txt
Loading a file Thrown in the function Open by the object /gpfs_common/share01/jpknelle/yzhu14/albino/albinoDens16//v_potential3_5_3log1.txt
Loading a file Thrown in the function Open by the object /gpfs_common/share01/jpknelle/yzhu14/albino/albinoDens16//v_density1_5_3log1.txt
Loading a file Thrown in the function Open by the object /gpfs_common/share01/jpknelle/yzhu14/albino/albinoDens16//v_density2_5_3log1.txt
Loading a file Thrown in the function Open by the object /gpfs_common/share01/jpknelle/yzhu14/albino/albinoDens16//v_density3_5_3log1.txt
Loading a file Thrown in the function Open by the object /gpfs_common/share01/jpknelle/yzhu14/albino/albinoDens16//v_potential1_6_3log1.txt
Loading a file Thrown in the function Open by the object /gpfs_common/share01/jpknelle/yzhu14/albino/albinoDens16//v_potential2_6_3log1.txt
Loading a file Thrown in the function Open by the object /gpfs_common/share01/jpknelle/yzhu14/albino/albinoDens16//v_potential3_6_3log1.txt
Loading a file Thrown in the function Open by the object /gpfs_common/share01/jpknelle/yzhu14/albino/albinoDens16//v_density1_6_3log1.txt
Loading a file Thrown in the function Open by the object /gpfs_common/share01/jpknelle/yzhu14/albino/albinoDens16//v_density2_6_3log1.txt
Loading a file Thrown in the function Open by the object /gpfs_common/share01/jpknelle/yzhu14/albino/albinoDens16//v_density3_6_3log1.txt
Loading a file Thrown in the function Open by the object /gpfs_common/share01/jpknelle/yzhu14/albino/albinoDens16//v_potential1_7_3log1.txt
Loading a file Thrown in the function Open by the object /gpfs_common/share01/jpknelle/yzhu14/albino/albinoDens16//v_potential2_7_3log1.txt
Loading a file Thrown in the function Open by the object /gpfs_common/share01/jpknelle/yzhu14/albino/albinoDens16//v_potential3_7_3log1.txt
Loading a file Thrown in the function Open by the object /gpfs_common/share01/jpknelle/yzhu14/albino/albinoDens16//v_density1_7_3log1.txt
Loading a file Thrown in the function Open by the object /gpfs_common/share01/jpknelle/yzhu14/albino/albinoDens16//v_density2_7_3log1.txt
Loading a file Thrown in the function Open by the object /gpfs_common/share01/jpknelle/yzhu14/albino/albinoDens16//v_density3_7_3log1.txt
Loading a file Thrown in the function Open by the object /gpfs_common/share01/jpknelle/yzhu14/albino/albinoDens16//v_potential1_8_3log1.txt
Loading a file Thrown in the function Open by the object /gpfs_common/share01/jpknelle/yzhu14/albino/albinoDens16//v_potential2_8_3log1.txt
Loading a file Thrown in the function Open by the object /gpfs_common/share01/jpknelle/yzhu14/albino/albinoDens16//v_potential3_8_3log1.txt
Loading a file Thrown in the function Open by the object /gpfs_common/share01/jpknelle/yzhu14/albino/albinoDens16//v_density1_8_3log1.txt
Loading a file Thrown in the function Open by the object /gpfs_common/share01/jpknelle/yzhu14/albino/albinoDens16//v_density2_8_3log1.txt
Loading a file Thrown in the function Open by the object /gpfs_common/share01/jpknelle/yzhu14/albino/albinoDens16//v_density3_8_3log1.txt
Loading a file Thrown in the function Open by the object /gpfs_common/share01/jpknelle/yzhu14/albino/albinoDens16//v_potential1_9_3log1.txt
Loading a file Thrown in the function Open by the object /gpfs_common/share01/jpknelle/yzhu14/albino/albinoDens16//v_potential2_9_3log1.txt
Loading a file Thrown in the function Open by the object /gpfs_common/share01/jpknelle/yzhu14/albino/albinoDens16//v_potential3_9_3log1.txt
Loading a file Thrown in the function Open by the object /gpfs_common/share01/jpknelle/yzhu14/albino/albinoDens16//v_density1_9_3log1.txt
Loading a file Thrown in the function Open by the object /gpfs_common/share01/jpknelle/yzhu14/albino/albinoDens16//v_density2_9_3log1.txt
Loading a file Thrown in the function Open by the object /gpfs_common/share01/jpknelle/yzhu14/albino/albinoDens16//v_density3_9_3log1.txt
Loading a file Thrown in the function Open by the object /gpfs_common/share01/jpknelle/yzhu14/albino/albinoDens16//v_potential1_10_3log1.txt
Loading a file Thrown in the function Open by the object /gpfs_common/share01/jpknelle/yzhu14/albino/albinoDens16//v_potential2_10_3log1.txt
Loading a file Thrown in the function Open by the object /gpfs_common/share01/jpknelle/yzhu14/albino/albinoDens16//v_potential3_10_3log1.txt
Loading a file Thrown in the function Open by the object /gpfs_common/share01/jpknelle/yzhu14/albino/albinoDens16//v_density1_10_3log1.txt
Loading a file Thrown in the function Open by the object /gpfs_common/share01/jpknelle/yzhu14/albino/albinoDens16//v_density2_10_3log1.txt
Loading a file Thrown in the function Open by the object /gpfs_common/share01/jpknelle/yzhu14/albino/albinoDens16//v_density3_10_3log1.txt
Loading a file Thrown in the function Open by the object /gpfs_common/share01/jpknelle/yzhu14/albino/albinoDens16//v_potential1_11_3log1.txt
Loading a file Thrown in the function Open by the object /gpfs_common/share01/jpknelle/yzhu14/albino/albinoDens16//v_potential2_11_3log1.txt
Loading a file Thrown in the function Open by the object /gpfs_common/share01/jpknelle/yzhu14/albino/albinoDens16//v_potential3_11_3log1.txt
Loading a file Thrown in the function Open by the object /gpfs_common/share01/jpknelle/yzhu14/albino/albinoDens16//v_density1_11_3log1.txt
Loading a file Thrown in the function Open by the object /gpfs_common/share01/jpknelle/yzhu14/albino/albinoDens16//v_density2_11_3log1.txt
Loading a file Thrown in the function Open by the object /gpfs_common/share01/jpknelle/yzhu14/albino/albinoDens16//v_density3_11_3log1.txt
Loading a file Thrown in the function Open by the object /gpfs_common/share01/jpknelle/yzhu14/albino/albinoDens16//v_potential1_12_3log1.txt
Loading a file Thrown in the function Open by the object /gpfs_common/share01/jpknelle/yzhu14/albino/albinoDens16//v_potential2_12_3log1.txt
Loading a file Thrown in the function Open by the object /gpfs_common/share01/jpknelle/yzhu14/albino/albinoDens16//v_potential3_12_3log1.txt
Loading a file Thrown in the function Open by the object /gpfs_common/share01/jpknelle/yzhu14/albino/albinoDens16//v_density1_12_3log1.txt
Loading a file Thrown in the function Open by the object /gpfs_common/share01/jpknelle/yzhu14/albino/albinoDens16//v_density2_12_3log1.txt
Loading a file Thrown in the function Open by the object /gpfs_common/share01/jpknelle/yzhu14/albino/albinoDens16//v_density3_12_3log1.txt
Loading a file Thrown in the function Open by the object /gpfs_common/share01/jpknelle/yzhu14/albino/albinoDens16//v_potential1_13_3log1.txt
Loading a file Thrown in the function Open by the object /gpfs_common/share01/jpknelle/yzhu14/albino/albinoDens16//v_potential2_13_3log1.txt
Loading a file Thrown in the function Open by the object /gpfs_common/share01/jpknelle/yzhu14/albino/albinoDens16//v_potential3_13_3log1.txt
Loading a file Thrown in the function Open by the object /gpfs_common/share01/jpknelle/yzhu14/albino/albinoDens16//v_density1_13_3log1.txt
Loading a file Thrown in the function Open by the object /gpfs_common/share01/jpknelle/yzhu14/albino/albinoDens16//v_density2_13_3log1.txt
Loading a file Thrown in the function Open by the object /gpfs_common/share01/jpknelle/yzhu14/albino/albinoDens16//v_density3_13_3log1.txt
Loading a file Thrown in the function Open by the object /gpfs_common/share01/jpknelle/yzhu14/albino/albinoDens16//v_potential1_14_3log1.txt
Loading a file Thrown in the function Open by the object /gpfs_common/share01/jpknelle/yzhu14/albino/albinoDens16//v_potential2_14_3log1.txt
Loading a file Thrown in the function Open by the object /gpfs_common/share01/jpknelle/yzhu14/albino/albinoDens16//v_potential3_14_3log1.txt
Loading a file Thrown in the function Open by the object /gpfs_common/share01/jpknelle/yzhu14/albino/albinoDens16//v_density1_14_3log1.txt
Loading a file Thrown in the function Open by the object /gpfs_common/share01/jpknelle/yzhu14/albino/albinoDens16//v_density2_14_3log1.txt
Loading a file Thrown in the function Open by the object /gpfs_common/share01/jpknelle/yzhu14/albino/albinoDens16//v_density3_14_3log1.txt
Loading a file Thrown in the function Open by the object /gpfs_common/share01/jpknelle/yzhu14/albino/albinoDens16//v_potential1_15_3log1.txt
Loading a file Thrown in the function Open by the object /gpfs_common/share01/jpknelle/yzhu14/albino/albinoDens16//v_potential2_15_3log1.txt
Loading a file Thrown in the function Open by the object /gpfs_common/share01/jpknelle/yzhu14/albino/albinoDens16//v_potential3_15_3log1.txt
Loading a file Thrown in the function Open by the object /gpfs_common/share01/jpknelle/yzhu14/albino/albinoDens16//v_density1_15_3log1.txt
Loading a file Thrown in the function Open by the object /gpfs_common/share01/jpknelle/yzhu14/albino/albinoDens16//v_density2_15_3log1.txt
Loading a file Thrown in the function Open by the object /gpfs_common/share01/jpknelle/yzhu14/albino/albinoDens16//v_density3_15_3log1.txt
Loading a file Thrown in the function Open by the object /gpfs_common/share01/jpknelle/yzhu14/albino/albinoDens16//v_potential1_16_3log1.txt
Loading a file Thrown in the function Open by the object /gpfs_common/share01/jpknelle/yzhu14/albino/albinoDens16//v_potential2_16_3log1.txt
Loading a file Thrown in the function Open by the object /gpfs_common/share01/jpknelle/yzhu14/albino/albinoDens16//v_potential3_16_3log1.txt
Loading a file Thrown in the function Open by the object /gpfs_common/share01/jpknelle/yzhu14/albino/albinoDens16//v_density1_16_3log1.txt
Loading a file Thrown in the function Open by the object /gpfs_common/share01/jpknelle/yzhu14/albino/albinoDens16//v_density2_16_3log1.txt
Loading a file Thrown in the function Open by the object /gpfs_common/share01/jpknelle/yzhu14/albino/albinoDens16//v_density3_16_3log1.txtNE162
2.43154
2.95619
3.59405
4.36953
5.31235
6.45859
7.85216
9.54642
11.6062
14.1105
17.1551
20.8567
25.3569
30.8282
37.48


Inverted hierarchy
0	5e+06	1.8e+07
Finished

------------------------------------------------------------
Sender: LSF System <lsfadmin@n3l3-4>
Subject: Job 335099: <#!/bin/csh;#BSUB -R rusage[mem=2048] ;#BSUB -o ./outerr/%J.out ;#BSUB -e ./outerr/%J.err;#BSUB -W 50 ;#BSUB -q nucastro;#BSUB -n 6;#BSUB -R span[hosts=1]; ./sqa2.psma.x sqa2.psma.run> Done

Job <#!/bin/csh;#BSUB -R rusage[mem=2048] ;#BSUB -o ./outerr/%J.out ;#BSUB -e ./outerr/%J.err;#BSUB -W 50 ;#BSUB -q nucastro;#BSUB -n 6;#BSUB -R span[hosts=1]; ./sqa2.psma.x sqa2.psma.run> was submitted from host <login01.hpc.ncsu.edu> by user <yzhu14> in cluster <henry2>.
Job was executed on host(s) <6*n3l3-4>, in queue <nucastro>, as user <yzhu14> in cluster <henry2>.
</home/yzhu14> was used as the home directory.
</home/yzhu14/nucleosyn/sqa/sqa> was used as the working directory.
Started at Mon Nov 27 20:04:14 2017
Results reported at Mon Nov 27 20:15:27 2017

Your job looked like:

------------------------------------------------------------
# LSBATCH: User input
#!/bin/csh
#BSUB -R rusage[mem=2048] 
#BSUB -o ./outerr/%J.out 
#BSUB -e ./outerr/%J.err
#BSUB -W 50 
#BSUB -q nucastro
#BSUB -n 6
#BSUB -R span[hosts=1]

./sqa2.psma.x sqa2.psma.run

------------------------------------------------------------

Successfully completed.

Resource usage summary:

    CPU time   :   5090.94 sec.
    Max Memory :        65 MB
    Max Swap   :       799 MB

    Max Processes  :         4
    Max Threads    :        12

The output (if any) is above this job summary.



PS:

Read file <./outerr/335099.err> for stderr output of this job.

